<?xml version="1.0" encoding="UTF-8"?>
<!-- Generated by org.testng.reporters.JUnitReportReporter -->
<testsuite skipped="0" hostname="DESKTOP-464RUPK" name="testcases.LogInTest" tests="2" failures="0" timestamp="26 Jun 2021 16:46:50 GMT" time="8.350" errors="0">
  <testcase name="LoginHRMExcel" time="4.646" classname="testcases.LogInTest"/>
  <testcase name="loginHRM" time="3.704" classname="testcases.LogInTest"/>
</testsuite> <!-- testcases.LogInTest -->
