<?xml version="1.0" encoding="UTF-8"?>
<!-- Generated by org.testng.reporters.JUnitReportReporter -->
<testsuite skipped="0" hostname="DESKTOP-464RUPK" name="testcases.UserManaagementTest" tests="1" failures="0" timestamp="26 Jun 2021 17:04:31 GMT" time="6.871" errors="0">
  <testcase name="UMTest" time="6.871" classname="testcases.UserManaagementTest"/>
</testsuite> <!-- testcases.UserManaagementTest -->
